Thu, 09 Mar 2023 19:38:44 GMT | INFO | btm.log | Server running on port 3003 | 
Wed, 22 Mar 2023 15:28:08 GMT | INFO | btm.log | Server running on port 3003 | 
Wed, 22 Mar 2023 15:29:20 GMT | INFO | btm.log | Server running on port 3003 | 
Wed, 22 Mar 2023 15:30:20 GMT | INFO | btm.log | Server running on port 3003 | 
Wed, 22 Mar 2023 15:30:25 GMT | INFO | btm.log | Server running on port 3003 | 
Wed, 22 Mar 2023 15:39:11 GMT | INFO | btm.log | Server running on port 3003 | 
Wed, 22 Mar 2023 15:39:39 GMT | INFO | btm.log | Server running on port 3003 | 
Wed, 22 Mar 2023 15:40:32 GMT | INFO | btm.log | Server running on port 3003 | 
Wed, 22 Mar 2023 15:40:37 GMT | INFO | btm.log | Server running on port 3003 | 
Wed, 22 Mar 2023 15:41:56 GMT | INFO | btm.log | Server running on port 3003 | 
Tue, 11 Apr 2023 16:14:44 GMT | INFO | btm.log | Server running on port 4001 | 
Tue, 11 Apr 2023 17:40:27 GMT | INFO | btm.log | Server running on port 4001 | 
Tue, 11 Apr 2023 17:40:29 GMT | INFO | btm.log | Server running on port 4001 | 
Tue, 11 Apr 2023 17:40:35 GMT | INFO | btm.log | Server running on port 4001 | 
Tue, 11 Apr 2023 17:41:33 GMT | INFO | btm.log | Server running on port 4001 | 
Tue, 11 Apr 2023 17:42:14 GMT | INFO | btm.log | Server running on port 4001 | 
Tue, 11 Apr 2023 17:42:16 GMT | INFO | btm.log | Server running on port 4001 | 
Tue, 11 Apr 2023 17:46:15 GMT | INFO | btm.log | Server running on port 4001 | 
Tue, 11 Apr 2023 17:47:51 GMT | INFO | btm.log | Server running on port 4001 | 
Tue, 11 Apr 2023 17:49:16 GMT | INFO | btm.log | Server running on port 4001 | 
Tue, 11 Apr 2023 17:49:48 GMT | INFO | btm.log | Server running on port 4001 | 
Tue, 11 Apr 2023 17:54:24 GMT | INFO | btm.log | Server running on port 4001 | 
Tue, 11 Apr 2023 17:54:31 GMT | INFO | btm.log | Server running on port 4001 | 
Tue, 11 Apr 2023 17:55:28 GMT | INFO | btm.log | Server running on port 4001 | 
Tue, 11 Apr 2023 17:55:32 GMT | INFO | btm.log | Server running on port 4001 | 
Tue, 11 Apr 2023 17:55:36 GMT | INFO | btm.log | Server running on port 4001 | 
Tue, 11 Apr 2023 17:55:38 GMT | INFO | btm.log | Server running on port 4001 | 
Tue, 11 Apr 2023 17:55:42 GMT | INFO | btm.log | Server running on port 4001 | 
Tue, 11 Apr 2023 17:56:32 GMT | INFO | btm.log | Server running on port 4001 | 
Tue, 11 Apr 2023 17:56:36 GMT | INFO | btm.log | Server running on port 4001 | 
Tue, 11 Apr 2023 17:57:14 GMT | INFO | btm.log | Server running on port 4001 | 
Tue, 11 Apr 2023 17:58:57 GMT | INFO | btm.log | Server running on port 4001 | 
Tue, 11 Apr 2023 17:59:09 GMT | INFO | btm.log | Server running on port 4001 | 
Tue, 11 Apr 2023 17:59:23 GMT | INFO | btm.log | Server running on port 4001 | 
Tue, 11 Apr 2023 17:59:50 GMT | INFO | btm.log | Server running on port 4001 | 
Tue, 11 Apr 2023 18:01:19 GMT | INFO | btm.log | Server running on port 4001 | 
Tue, 11 Apr 2023 18:01:45 GMT | INFO | btm.log | Server running on port 4001 | 
Tue, 11 Apr 2023 18:02:13 GMT | INFO | btm.log | Server running on port 4001 | 
Tue, 11 Apr 2023 18:02:59 GMT | INFO | btm.log | Server running on port 4001 | 
Tue, 11 Apr 2023 18:04:13 GMT | INFO | btm.log | Server running on port 4001 | 
Tue, 11 Apr 2023 18:05:21 GMT | INFO | btm.log | Server running on port 4001 | 
Tue, 11 Apr 2023 18:05:36 GMT | INFO | btm.log | Server running on port 4001 | 
Tue, 11 Apr 2023 18:05:44 GMT | INFO | btm.log | Server running on port 4001 | 
Tue, 11 Apr 2023 19:15:03 GMT | INFO | btm.log | Server running on port 4001 | 
Tue, 11 Apr 2023 19:24:15 GMT | INFO | btm.log | Server running on port 4001 | 
Tue, 11 Apr 2023 19:24:49 GMT | INFO | btm.log | Server running on port 4001 | 
Tue, 11 Apr 2023 19:25:05 GMT | INFO | btm.log | Server running on port 4001 | 
Tue, 11 Apr 2023 19:33:46 GMT | INFO | btm.log | Server running on port 4001 | 
Wed, 12 Apr 2023 00:49:26 GMT | INFO | btm.log | Server running on port 4001 | 
Wed, 12 Apr 2023 01:47:00 GMT | INFO | btm.log | Server running on port 4001 | 
Wed, 12 Apr 2023 01:47:23 GMT | INFO | btm.log | Server running on port 4001 | 
Wed, 12 Apr 2023 01:47:47 GMT | INFO | btm.log | Server running on port 4001 | 
Wed, 12 Apr 2023 02:18:16 GMT | INFO | btm.log | Server running on port 4001 | 
Wed, 12 Apr 2023 02:18:41 GMT | INFO | btm.log | Server running on port 4001 | 
Wed, 12 Apr 2023 02:19:26 GMT | INFO | btm.log | Server running on port 4001 | 
Wed, 12 Apr 2023 02:19:46 GMT | INFO | btm.log | Server running on port 4001 | 
Wed, 12 Apr 2023 02:21:55 GMT | INFO | btm.log | Server running on port 4001 | 
Wed, 12 Apr 2023 15:19:51 GMT | INFO | btm.log | Server running on port 4001 | 
Wed, 12 Apr 2023 15:30:16 GMT | INFO | btm.log | Server running on port 4001 | 
Wed, 12 Apr 2023 15:30:20 GMT | INFO | btm.log | Server running on port 4001 | 
Wed, 12 Apr 2023 15:32:58 GMT | INFO | btm.log | Server running on port 4001 | 
Wed, 12 Apr 2023 15:34:59 GMT | INFO | btm.log | Server running on port 4001 | 
Wed, 12 Apr 2023 15:37:58 GMT | INFO | btm.log | Server running on port 4001 | 
Wed, 12 Apr 2023 15:40:55 GMT | INFO | btm.log | Server running on port 4001 | 
Wed, 12 Apr 2023 15:51:10 GMT | INFO | btm.log | Server running on port 4001 | 
Wed, 12 Apr 2023 15:53:11 GMT | INFO | btm.log | Server running on port 4001 | 
Wed, 12 Apr 2023 15:53:31 GMT | INFO | btm.log | Server running on port 4001 | 
Wed, 12 Apr 2023 15:53:42 GMT | INFO | btm.log | Server running on port 4001 | 
Wed, 12 Apr 2023 15:54:03 GMT | INFO | btm.log | Server running on port 4001 | 
Wed, 12 Apr 2023 15:54:21 GMT | INFO | btm.log | Server running on port 4001 | 
Wed, 12 Apr 2023 15:54:33 GMT | INFO | btm.log | Server running on port 4001 | 
Wed, 12 Apr 2023 15:54:47 GMT | INFO | btm.log | Server running on port 4001 | 
Wed, 12 Apr 2023 15:55:12 GMT | INFO | btm.log | Server running on port 4001 | 
Wed, 12 Apr 2023 15:55:24 GMT | INFO | btm.log | Server running on port 4001 | 
Wed, 12 Apr 2023 15:57:56 GMT | INFO | btm.log | Server running on port 4001 | 
Wed, 12 Apr 2023 15:59:30 GMT | INFO | btm.log | Server running on port 4001 | 
Wed, 12 Apr 2023 16:01:24 GMT | INFO | btm.log | Server running on port 4001 | 
Wed, 12 Apr 2023 16:01:52 GMT | INFO | btm.log | Server running on port 4001 | 
Wed, 12 Apr 2023 16:02:34 GMT | INFO | btm.log | Server running on port 4001 | 
Wed, 12 Apr 2023 16:02:40 GMT | INFO | btm.log | Server running on port 4001 | 
Wed, 12 Apr 2023 16:03:19 GMT | INFO | btm.log | Server running on port 4001 | 
Wed, 12 Apr 2023 16:03:43 GMT | INFO | btm.log | Server running on port 4001 | 
Wed, 12 Apr 2023 16:04:00 GMT | INFO | btm.log | Server running on port 4001 | 
Wed, 12 Apr 2023 16:04:31 GMT | INFO | btm.log | Server running on port 4001 | 
Wed, 12 Apr 2023 16:05:10 GMT | INFO | btm.log | Server running on port 4001 | 
Wed, 12 Apr 2023 16:05:24 GMT | INFO | btm.log | Server running on port 4001 | 
Wed, 12 Apr 2023 16:05:46 GMT | INFO | btm.log | Server running on port 4001 | 
Wed, 12 Apr 2023 16:07:25 GMT | INFO | btm.log | Server running on port 4001 | 
Wed, 12 Apr 2023 16:08:37 GMT | INFO | btm.log | Server running on port 4001 | 
Wed, 12 Apr 2023 16:08:48 GMT | INFO | btm.log | Server running on port 4001 | 
Wed, 12 Apr 2023 16:09:04 GMT | INFO | btm.log | Server running on port 4001 | 
Wed, 12 Apr 2023 16:09:18 GMT | INFO | btm.log | Server running on port 4001 | 
Wed, 12 Apr 2023 16:09:37 GMT | INFO | btm.log | Server running on port 4001 | 
Wed, 12 Apr 2023 16:09:44 GMT | INFO | btm.log | Server running on port 4001 | 
Wed, 12 Apr 2023 16:09:54 GMT | INFO | btm.log | Server running on port 4001 | 
Wed, 12 Apr 2023 16:09:58 GMT | INFO | btm.log | Server running on port 4001 | 
Wed, 12 Apr 2023 16:12:12 GMT | INFO | btm.log | Server running on port 4001 | 
Wed, 12 Apr 2023 16:12:14 GMT | INFO | btm.log | Server running on port 4001 | 
Wed, 12 Apr 2023 16:12:17 GMT | INFO | btm.log | Server running on port 4001 | 
Wed, 12 Apr 2023 16:12:22 GMT | INFO | btm.log | Server running on port 4001 | 
Wed, 12 Apr 2023 16:12:44 GMT | INFO | btm.log | Server running on port 4001 | 
Wed, 12 Apr 2023 16:16:14 GMT | INFO | btm.log | Server running on port 4001 | 
Wed, 12 Apr 2023 16:17:45 GMT | INFO | btm.log | Server running on port 4001 | 
Wed, 12 Apr 2023 19:58:21 GMT | INFO | btm.log | Server running on port 4001 | 
Wed, 12 Apr 2023 19:58:35 GMT | INFO | btm.log | Server running on port 4001 | 
Wed, 12 Apr 2023 19:58:41 GMT | INFO | btm.log | Server running on port 4001 | 
Wed, 12 Apr 2023 19:58:48 GMT | INFO | btm.log | Server running on port 4001 | 
Wed, 12 Apr 2023 19:58:52 GMT | INFO | btm.log | Server running on port 4001 | 
Wed, 12 Apr 2023 20:08:48 GMT | INFO | btm.log | Server running on port 4001 | 
Wed, 12 Apr 2023 20:09:44 GMT | INFO | btm.log | Server running on port 4001 | 
Wed, 12 Apr 2023 20:09:55 GMT | INFO | btm.log | Server running on port 4001 | 
Wed, 12 Apr 2023 20:12:29 GMT | INFO | btm.log | Server running on port 4001 | 
Wed, 12 Apr 2023 20:12:32 GMT | INFO | btm.log | Server running on port 4001 | 
Wed, 12 Apr 2023 20:12:56 GMT | INFO | btm.log | Server running on port 4001 | 
Wed, 12 Apr 2023 20:14:56 GMT | INFO | btm.log | Server running on port 4001 | 
Wed, 12 Apr 2023 20:15:24 GMT | INFO | btm.log | Server running on port 4001 | 
Wed, 12 Apr 2023 20:16:01 GMT | INFO | btm.log | Server running on port 4001 | 
Wed, 12 Apr 2023 20:22:28 GMT | INFO | btm.log | Server running on port 4001 | 
Wed, 12 Apr 2023 20:23:01 GMT | INFO | btm.log | Server running on port 4001 | 
Wed, 12 Apr 2023 20:47:32 GMT | INFO | btm.log | Server running on port 4001 | 
Wed, 12 Apr 2023 20:47:35 GMT | INFO | btm.log | Server running on port 4001 | 
Wed, 12 Apr 2023 20:52:45 GMT | INFO | btm.log | Server running on port 4001 | 
Wed, 12 Apr 2023 21:06:12 GMT | INFO | btm.log | Server running on port 4001 | 
Wed, 12 Apr 2023 21:06:37 GMT | INFO | btm.log | Server running on port 4001 | 
Wed, 12 Apr 2023 21:23:59 GMT | INFO | btm.log | Server running on port 4001 | 
Wed, 12 Apr 2023 21:24:43 GMT | INFO | btm.log | Server running on port 4001 | 
Wed, 12 Apr 2023 21:25:36 GMT | INFO | btm.log | Server running on port 4001 | 
Wed, 12 Apr 2023 21:26:01 GMT | INFO | btm.log | Server running on port 4001 | 
Wed, 12 Apr 2023 21:28:20 GMT | INFO | btm.log | Server running on port 4001 | 
Wed, 12 Apr 2023 21:28:38 GMT | INFO | btm.log | Server running on port 4001 | 
Wed, 12 Apr 2023 21:31:27 GMT | INFO | btm.log | Server running on port 4001 | 
Wed, 12 Apr 2023 21:32:18 GMT | INFO | btm.log | Server running on port 4001 | 
Wed, 12 Apr 2023 21:32:45 GMT | INFO | btm.log | Server running on port 4001 | 
Wed, 12 Apr 2023 22:15:24 GMT | INFO | btm.log | Server running on port 4001 | 
Thu, 13 Apr 2023 00:41:22 GMT | INFO | btm.log | Server running on port 4001 | 
Thu, 13 Apr 2023 00:48:06 GMT | INFO | btm.log | Server running on port 4001 | 
Thu, 13 Apr 2023 00:48:07 GMT | INFO | btm.log | Server running on port 4001 | 
Thu, 13 Apr 2023 00:48:12 GMT | INFO | btm.log | Server running on port 4001 | 
Thu, 13 Apr 2023 00:53:22 GMT | INFO | btm.log | Server running on port 4001 | 
Thu, 13 Apr 2023 01:00:12 GMT | INFO | btm.log | Server running on port 4001 | 
Thu, 13 Apr 2023 15:04:12 GMT | INFO | btm.log | Server running on port 4001 | 
Thu, 13 Apr 2023 20:04:46 GMT | INFO | btm.log | Server running on port 4001 | 
Thu, 13 Apr 2023 20:04:58 GMT | INFO | btm.log | Server running on port 4001 | 
Thu, 13 Apr 2023 20:04:59 GMT | INFO | btm.log | Server running on port 4001 | 
Thu, 13 Apr 2023 20:05:01 GMT | INFO | btm.log | Server running on port 4001 | 
Fri, 14 Apr 2023 15:17:21 GMT | INFO | btm.log | Server running on port 4001 | 
Fri, 14 Apr 2023 15:18:37 GMT | INFO | btm.log | Server running on port 4001 | 
Fri, 14 Apr 2023 15:20:20 GMT | INFO | btm.log | Server running on port 4001 | 
Fri, 14 Apr 2023 15:55:37 GMT | INFO | btm.log | Server running on port 4001 | 
Fri, 14 Apr 2023 15:55:41 GMT | INFO | btm.log | Server running on port 4001 | 
Fri, 14 Apr 2023 15:55:48 GMT | INFO | btm.log | Server running on port 4001 | 
Fri, 14 Apr 2023 15:56:37 GMT | INFO | btm.log | Server running on port 4001 | 
Fri, 14 Apr 2023 15:57:36 GMT | INFO | btm.log | Server running on port 4001 | 
Fri, 14 Apr 2023 16:02:59 GMT | INFO | btm.log | Server running on port 4001 | 
Fri, 14 Apr 2023 16:03:59 GMT | INFO | btm.log | Server running on port 4001 | 
Fri, 14 Apr 2023 16:04:42 GMT | INFO | btm.log | Server running on port 4001 | 
Fri, 14 Apr 2023 16:05:37 GMT | INFO | btm.log | Server running on port 4001 | 
Fri, 14 Apr 2023 16:05:49 GMT | INFO | btm.log | Server running on port 4001 | 
Fri, 14 Apr 2023 16:06:11 GMT | INFO | btm.log | Server running on port 4001 | 
Fri, 14 Apr 2023 16:06:22 GMT | INFO | btm.log | Server running on port 4001 | 
Fri, 14 Apr 2023 16:06:26 GMT | INFO | btm.log | Server running on port 4001 | 
Fri, 14 Apr 2023 16:09:43 GMT | INFO | btm.log | Server running on port 4001 | 
Fri, 14 Apr 2023 16:10:43 GMT | INFO | btm.log | Server running on port 4001 | 
Fri, 14 Apr 2023 16:11:30 GMT | INFO | btm.log | Server running on port 4001 | 
Fri, 14 Apr 2023 16:11:34 GMT | INFO | btm.log | Server running on port 4001 | 
Fri, 14 Apr 2023 16:14:01 GMT | INFO | btm.log | Server running on port 4001 | 
Fri, 14 Apr 2023 16:15:05 GMT | INFO | btm.log | Server running on port 4001 | 
Fri, 14 Apr 2023 16:17:02 GMT | INFO | btm.log | Server running on port 4001 | 
Fri, 14 Apr 2023 16:17:32 GMT | INFO | btm.log | Server running on port 4001 | 
Fri, 14 Apr 2023 16:26:15 GMT | INFO | btm.log | Server running on port 4001 | 
Fri, 14 Apr 2023 16:26:47 GMT | INFO | btm.log | Server running on port 4001 | 
Fri, 14 Apr 2023 16:30:25 GMT | INFO | btm.log | Server running on port 4001 | 
Fri, 14 Apr 2023 16:51:06 GMT | INFO | btm.log | Server running on port 4001 | 
Fri, 14 Apr 2023 16:52:25 GMT | INFO | btm.log | Server running on port 4001 | 
Fri, 14 Apr 2023 16:52:49 GMT | INFO | btm.log | Server running on port 4001 | 
Fri, 14 Apr 2023 16:53:18 GMT | INFO | btm.log | Server running on port 4001 | 
Fri, 14 Apr 2023 16:53:37 GMT | INFO | btm.log | Server running on port 4001 | 
Fri, 14 Apr 2023 16:53:40 GMT | INFO | btm.log | Server running on port 4001 | 
Fri, 14 Apr 2023 16:54:18 GMT | INFO | btm.log | Server running on port 4001 | 
Fri, 14 Apr 2023 16:54:45 GMT | INFO | btm.log | Server running on port 4001 | 
Fri, 14 Apr 2023 16:54:51 GMT | INFO | btm.log | Server running on port 4001 | 
Fri, 14 Apr 2023 16:55:50 GMT | INFO | btm.log | Server running on port 4001 | 
Fri, 14 Apr 2023 16:56:05 GMT | INFO | btm.log | Server running on port 4001 | 
Fri, 14 Apr 2023 16:56:29 GMT | INFO | btm.log | Server running on port 4001 | 
Fri, 14 Apr 2023 16:56:32 GMT | INFO | btm.log | Server running on port 4001 | 
Fri, 14 Apr 2023 17:00:42 GMT | INFO | btm.log | Server running on port 4001 | 
Fri, 14 Apr 2023 17:00:58 GMT | INFO | btm.log | Server running on port 4001 | 
Fri, 14 Apr 2023 17:01:28 GMT | INFO | btm.log | Server running on port 4001 | 
Fri, 14 Apr 2023 17:01:59 GMT | INFO | btm.log | Server running on port 4001 | 
Fri, 14 Apr 2023 17:03:18 GMT | INFO | btm.log | Server running on port 4001 | 
Thu, 20 Apr 2023 17:26:12 GMT | INFO | btm.log | Server running on port 4001 | 
Fri, 21 Apr 2023 23:40:19 GMT | INFO | btm.log | Server running on port 4001 | 
Fri, 21 Apr 2023 23:41:17 GMT | INFO | btm.log | Server running on port 4001 | 
Fri, 21 Apr 2023 23:41:26 GMT | INFO | btm.log | Server running on port 4001 | 
Fri, 21 Apr 2023 23:45:34 GMT | INFO | btm.log | Server running on port 4001 | 
Fri, 21 Apr 2023 23:45:40 GMT | INFO | btm.log | Server running on port 4001 | 
Fri, 21 Apr 2023 23:47:07 GMT | INFO | btm.log | Server running on port 4001 | 
Fri, 21 Apr 2023 23:47:50 GMT | INFO | btm.log | Server running on port 4001 | 
Fri, 21 Apr 2023 23:48:10 GMT | INFO | btm.log | Server running on port 4001 | 
Fri, 21 Apr 2023 23:48:58 GMT | INFO | btm.log | Server running on port 4001 | 
Fri, 21 Apr 2023 23:49:32 GMT | INFO | btm.log | Server running on port 4001 | 
Fri, 21 Apr 2023 23:49:59 GMT | INFO | btm.log | Server running on port 4001 | 
Fri, 21 Apr 2023 23:50:08 GMT | INFO | btm.log | Server running on port 4001 | 
Fri, 21 Apr 2023 23:50:27 GMT | INFO | btm.log | Server running on port 4001 | 
Fri, 21 Apr 2023 23:50:30 GMT | INFO | btm.log | Server running on port 4001 | 
Fri, 21 Apr 2023 23:54:31 GMT | INFO | btm.log | Server running on port 4001 | 
Fri, 21 Apr 2023 23:54:41 GMT | INFO | btm.log | Server running on port 4001 | 
Fri, 21 Apr 2023 23:54:44 GMT | INFO | btm.log | Server running on port 4001 | 
Fri, 21 Apr 2023 23:55:08 GMT | INFO | btm.log | Server running on port 4001 | 
Sat, 22 Apr 2023 00:24:28 GMT | INFO | btm.log | Server running on port 4001 | 
Sat, 22 Apr 2023 00:29:26 GMT | INFO | btm.log | Server running on port 4001 | 
Sat, 22 Apr 2023 00:36:35 GMT | INFO | btm.log | Server running on port 4001 | 
Sat, 22 Apr 2023 00:36:37 GMT | INFO | btm.log | Server running on port 4001 | 
Sat, 22 Apr 2023 00:38:14 GMT | INFO | btm.log | Server running on port 4001 | 
Sat, 22 Apr 2023 22:16:10 GMT | INFO | btm.log | Server running on port 4001 | 
Sat, 22 Apr 2023 22:16:48 GMT | INFO | btm.log | Server running on port 4001 | 
Sat, 22 Apr 2023 22:23:29 GMT | INFO | btm.log | Server running on port 4001 | 
Sat, 22 Apr 2023 22:23:59 GMT | INFO | btm.log | Server running on port 4001 | 
Sat, 22 Apr 2023 22:29:48 GMT | INFO | btm.log | Server running on port 4001 | 
Sat, 22 Apr 2023 22:33:07 GMT | INFO | btm.log | Server running on port 4001 | 
Sat, 22 Apr 2023 22:33:25 GMT | INFO | btm.log | Server running on port 4001 | 
Thu, 27 Apr 2023 16:25:56 GMT | INFO | btm.log | Server running on port 4001 | 
Thu, 27 Apr 2023 16:27:57 GMT | INFO | btm.log | Server running on port 4001 | 
Thu, 27 Apr 2023 17:16:08 GMT | INFO | btm.log | Server running on port 4001 | 
Thu, 27 Apr 2023 17:18:53 GMT | INFO | btm.log | Server running on port 4001 | 
Thu, 27 Apr 2023 17:19:00 GMT | INFO | btm.log | Server running on port 4001 | 
Thu, 27 Apr 2023 17:19:15 GMT | INFO | btm.log | Server running on port 4001 | 
Thu, 27 Apr 2023 17:19:18 GMT | INFO | btm.log | Server running on port 4001 | 
Thu, 27 Apr 2023 17:20:27 GMT | INFO | btm.log | Server running on port 4001 | 
Thu, 27 Apr 2023 17:22:18 GMT | INFO | btm.log | Server running on port 4001 | 
Thu, 27 Apr 2023 17:22:41 GMT | INFO | btm.log | Server running on port 4001 | 
Thu, 27 Apr 2023 17:24:05 GMT | INFO | btm.log | Server running on port 4001 | 
Thu, 27 Apr 2023 18:23:08 GMT | INFO | btm.log | Server running on port 4001 | 
Thu, 27 Apr 2023 18:23:33 GMT | INFO | btm.log | Server running on port 4001 | 
Thu, 27 Apr 2023 18:24:46 GMT | INFO | btm.log | Server running on port 4001 | 
Thu, 27 Apr 2023 18:25:02 GMT | INFO | btm.log | Server running on port 4001 | 
Thu, 27 Apr 2023 18:26:32 GMT | INFO | btm.log | Server running on port 4001 | 
Thu, 27 Apr 2023 18:26:37 GMT | INFO | btm.log | Server running on port 4001 | 
Thu, 27 Apr 2023 18:27:12 GMT | INFO | btm.log | Server running on port 4001 | 
Thu, 27 Apr 2023 18:27:38 GMT | INFO | btm.log | Server running on port 4001 | 
Thu, 27 Apr 2023 18:28:34 GMT | INFO | btm.log | Server running on port 4001 | 
Thu, 27 Apr 2023 18:29:18 GMT | INFO | btm.log | Server running on port 4001 | 
Thu, 27 Apr 2023 18:30:04 GMT | INFO | btm.log | Server running on port 4001 | 
Thu, 27 Apr 2023 18:30:09 GMT | INFO | btm.log | Server running on port 4001 | 
Thu, 27 Apr 2023 18:31:30 GMT | INFO | btm.log | Server running on port 4001 | 
Thu, 27 Apr 2023 18:32:15 GMT | INFO | btm.log | Server running on port 4001 | 
Thu, 27 Apr 2023 18:33:06 GMT | INFO | btm.log | Server running on port 4001 | 
Thu, 27 Apr 2023 18:33:31 GMT | INFO | btm.log | Server running on port 4001 | 
Thu, 27 Apr 2023 18:33:41 GMT | INFO | btm.log | Server running on port 4001 | 
Thu, 27 Apr 2023 18:33:56 GMT | INFO | btm.log | Server running on port 4001 | 
Thu, 27 Apr 2023 18:34:55 GMT | INFO | btm.log | Server running on port 4001 | 
Thu, 27 Apr 2023 18:35:18 GMT | INFO | btm.log | Server running on port 4001 | 
Thu, 27 Apr 2023 18:35:41 GMT | INFO | btm.log | Server running on port 4001 | 
Thu, 27 Apr 2023 18:35:43 GMT | INFO | btm.log | Server running on port 4001 | 
Thu, 27 Apr 2023 18:35:45 GMT | INFO | btm.log | Server running on port 4001 | 
Thu, 27 Apr 2023 18:36:01 GMT | INFO | btm.log | Server running on port 4001 | 
Thu, 27 Apr 2023 18:36:13 GMT | INFO | btm.log | Server running on port 4001 | 
Thu, 27 Apr 2023 18:38:59 GMT | INFO | btm.log | Server running on port 4001 | 
Thu, 27 Apr 2023 18:39:40 GMT | INFO | btm.log | Server running on port 4001 | 
Thu, 27 Apr 2023 18:40:24 GMT | INFO | btm.log | Server running on port 4001 | 
Thu, 27 Apr 2023 18:40:26 GMT | INFO | btm.log | Server running on port 4001 | 
Thu, 27 Apr 2023 18:40:29 GMT | INFO | btm.log | Server running on port 4001 | 
Thu, 27 Apr 2023 18:40:30 GMT | INFO | btm.log | Server running on port 4001 | 
Thu, 27 Apr 2023 18:40:32 GMT | INFO | btm.log | Server running on port 4001 | 
Thu, 27 Apr 2023 18:40:35 GMT | INFO | btm.log | Server running on port 4001 | 
Thu, 27 Apr 2023 18:40:37 GMT | INFO | btm.log | Server running on port 4001 | 
Thu, 27 Apr 2023 18:40:41 GMT | INFO | btm.log | Server running on port 4001 | 
Thu, 27 Apr 2023 18:40:45 GMT | INFO | btm.log | Server running on port 4001 | 
Thu, 27 Apr 2023 18:40:49 GMT | INFO | btm.log | Server running on port 4001 | 
Thu, 27 Apr 2023 18:41:15 GMT | INFO | btm.log | Server running on port 4001 | 
Thu, 27 Apr 2023 18:41:38 GMT | INFO | btm.log | Server running on port 4001 | 
Thu, 27 Apr 2023 18:41:41 GMT | INFO | btm.log | Server running on port 4001 | 
Thu, 27 Apr 2023 18:41:44 GMT | INFO | btm.log | Server running on port 4001 | 
Thu, 27 Apr 2023 18:42:27 GMT | INFO | btm.log | Server running on port 4001 | 
Thu, 27 Apr 2023 18:42:29 GMT | INFO | btm.log | Server running on port 4001 | 
Thu, 27 Apr 2023 18:42:32 GMT | INFO | btm.log | Server running on port 4001 | 
Thu, 27 Apr 2023 18:43:11 GMT | INFO | btm.log | Server running on port 4001 | 
Thu, 27 Apr 2023 18:43:43 GMT | INFO | btm.log | Server running on port 4001 | 
Thu, 27 Apr 2023 18:49:03 GMT | INFO | btm.log | Server running on port 4001 | 
Thu, 27 Apr 2023 18:49:20 GMT | INFO | btm.log | Server running on port 4001 | 
Thu, 27 Apr 2023 18:50:11 GMT | INFO | btm.log | Server running on port 4001 | 
Thu, 27 Apr 2023 18:50:29 GMT | INFO | btm.log | Server running on port 4001 | 
Thu, 27 Apr 2023 18:51:07 GMT | INFO | btm.log | Server running on port 4001 | 
Thu, 27 Apr 2023 18:52:09 GMT | INFO | btm.log | Server running on port 4001 | 
Thu, 27 Apr 2023 18:57:37 GMT | INFO | btm.log | Server running on port 4001 | 
Thu, 27 Apr 2023 18:58:24 GMT | INFO | btm.log | Server running on port 4001 | 
Thu, 25 May 2023 16:11:36 GMT | INFO | btm.log | Server running on port 4001 | 
Thu, 25 May 2023 16:28:05 GMT | INFO | btm.log | Server running on port 4001 | 
Thu, 25 May 2023 16:29:19 GMT | INFO | btm.log | Server running on port 4001 | 
Thu, 25 May 2023 16:30:20 GMT | INFO | btm.log | Server running on port 4001 | 
Thu, 25 May 2023 17:22:53 GMT | INFO | btm.log | Server running on port 4001 | 
Thu, 25 May 2023 19:01:29 GMT | INFO | btm.log | Server running on port 4001 | 
Thu, 25 May 2023 19:01:36 GMT | INFO | btm.log | Server running on port 4001 | 
Thu, 25 May 2023 19:01:44 GMT | INFO | btm.log | Server running on port 4001 | 
Thu, 25 May 2023 19:27:47 GMT | INFO | btm.log | Server running on port 4001 | 
Thu, 25 May 2023 19:27:53 GMT | INFO | btm.log | Server running on port 4001 | 
Thu, 25 May 2023 19:45:17 GMT | INFO | btm.log | Server running on port 4001 | 
Thu, 25 May 2023 19:45:44 GMT | INFO | btm.log | Server running on port 4001 | 
Thu, 25 May 2023 19:46:08 GMT | INFO | btm.log | Server running on port 4001 | 
Thu, 25 May 2023 19:48:24 GMT | INFO | btm.log | Server running on port 4001 | 
Thu, 25 May 2023 19:48:44 GMT | INFO | btm.log | Server running on port 4001 | 
Thu, 25 May 2023 19:48:45 GMT | INFO | btm.log | Server running on port 4001 | 
Thu, 25 May 2023 19:48:47 GMT | INFO | btm.log | Server running on port 4001 | 
Thu, 25 May 2023 19:53:23 GMT | INFO | btm.log | Server running on port 4001 | 
Thu, 25 May 2023 19:54:08 GMT | INFO | btm.log | Server running on port 4001 | 
Thu, 25 May 2023 19:54:13 GMT | INFO | btm.log | Server running on port 4001 | 
Thu, 25 May 2023 19:54:32 GMT | INFO | btm.log | Server running on port 4001 | 
Thu, 25 May 2023 19:55:57 GMT | INFO | btm.log | Server running on port 4001 | 
Thu, 25 May 2023 19:56:23 GMT | INFO | btm.log | Server running on port 4001 | 
Thu, 25 May 2023 19:56:38 GMT | INFO | btm.log | Server running on port 4001 | 
Thu, 25 May 2023 20:12:26 GMT | INFO | btm.log | Server running on port 4001 | 
Thu, 25 May 2023 20:18:15 GMT | INFO | btm.log | Server running on port 4001 | 
Thu, 25 May 2023 20:18:34 GMT | INFO | btm.log | Server running on port 4001 | 
Thu, 25 May 2023 20:21:30 GMT | INFO | btm.log | Server running on port 4001 | 
Thu, 25 May 2023 20:41:03 GMT | INFO | btm.log | Server running on port 4001 | 
Thu, 25 May 2023 20:53:27 GMT | INFO | btm.log | Server running on port 4001 | 
Thu, 25 May 2023 20:53:35 GMT | INFO | btm.log | Server running on port 4001 | 
Thu, 25 May 2023 20:55:35 GMT | INFO | btm.log | Server running on port 4001 | 
Thu, 25 May 2023 20:55:57 GMT | INFO | btm.log | Server running on port 4001 | 
Thu, 25 May 2023 20:56:20 GMT | INFO | btm.log | Server running on port 4001 | 
Thu, 25 May 2023 20:56:27 GMT | INFO | btm.log | Server running on port 4001 | 
Thu, 25 May 2023 20:56:40 GMT | INFO | btm.log | Server running on port 4001 | 
Thu, 25 May 2023 22:23:46 GMT | INFO | btm.log | Server running on port 4001 | 
Fri, 26 May 2023 04:18:50 GMT | INFO | btm.log | Server running on port 4001 | 
Fri, 26 May 2023 04:25:44 GMT | INFO | btm.log | Server running on port 4001 | 
Tue, 30 May 2023 00:46:30 GMT | INFO | btm.log | Server running on port 4001 | 
Tue, 30 May 2023 00:46:53 GMT | INFO | btm.log | Server running on port 4001 | 
Tue, 30 May 2023 00:47:02 GMT | INFO | btm.log | Server running on port 4001 | 
Tue, 30 May 2023 00:51:28 GMT | INFO | btm.log | Server running on port 4001 | 
Tue, 30 May 2023 13:59:21 GMT | INFO | btm.log | Server running on port 4001 | 
Tue, 30 May 2023 13:59:24 GMT | INFO | btm.log | Server running on port 4001 | 
Tue, 30 May 2023 13:59:48 GMT | INFO | btm.log | Server running on port 4001 | 
Tue, 30 May 2023 13:59:55 GMT | INFO | btm.log | Server running on port 4001 | 
Tue, 30 May 2023 14:21:32 GMT | INFO | btm.log | Server running on port 4001 | 
Tue, 30 May 2023 14:47:53 GMT | INFO | btm.log | Server running on port 4001 | 
Tue, 30 May 2023 15:17:41 GMT | INFO | btm.log | Server running on port 4001 | 
Tue, 30 May 2023 15:23:22 GMT | INFO | btm.log | Server running on port 4001 | 
Tue, 30 May 2023 15:25:20 GMT | INFO | btm.log | Server running on port 4001 | 
Tue, 30 May 2023 15:25:25 GMT | INFO | btm.log | Server running on port 4001 | 
Tue, 30 May 2023 15:25:30 GMT | INFO | btm.log | Server running on port 4001 | 
Tue, 30 May 2023 15:25:31 GMT | INFO | btm.log | Server running on port 4001 | 
Tue, 30 May 2023 15:59:03 GMT | INFO | btm.log | Server running on port 4001 | 
Tue, 30 May 2023 15:59:52 GMT | INFO | btm.log | Server running on port 4001 | 
Tue, 30 May 2023 16:00:47 GMT | INFO | btm.log | Server running on port 4001 | 
Tue, 30 May 2023 16:03:40 GMT | INFO | btm.log | Server running on port 4001 | 
Tue, 30 May 2023 16:03:47 GMT | INFO | btm.log | Server running on port 4001 | 
Tue, 30 May 2023 16:04:56 GMT | INFO | btm.log | Server running on port 4001 | 
Tue, 30 May 2023 16:05:19 GMT | INFO | btm.log | Server running on port 4001 | 
Tue, 30 May 2023 16:05:23 GMT | INFO | btm.log | Server running on port 4001 | 
Tue, 30 May 2023 16:05:28 GMT | INFO | btm.log | Server running on port 4001 | 
Tue, 30 May 2023 16:06:04 GMT | INFO | btm.log | Server running on port 4001 | 
Tue, 30 May 2023 16:06:53 GMT | INFO | btm.log | Server running on port 4001 | 
Tue, 30 May 2023 16:07:08 GMT | INFO | btm.log | Server running on port 4001 | 
Tue, 30 May 2023 16:21:21 GMT | INFO | btm.log | Server running on port 4001 | 
Tue, 30 May 2023 16:21:55 GMT | INFO | btm.log | Server running on port 4001 | 
Tue, 30 May 2023 16:22:10 GMT | INFO | btm.log | Server running on port 4001 | 
Tue, 30 May 2023 17:20:40 GMT | INFO | btm.log | Server running on port 4001 | 
Tue, 30 May 2023 17:46:51 GMT | INFO | btm.log | Server running on port 4001 | 
Tue, 30 May 2023 17:47:05 GMT | INFO | btm.log | Server running on port 4001 | 
Tue, 30 May 2023 17:50:28 GMT | INFO | btm.log | Server running on port 4001 | 
Wed, 31 May 2023 00:25:30 GMT | INFO | btm.log | Server running on port 4001 | 
Thu, 01 Jun 2023 21:33:33 GMT | INFO | btm.log | Server running on port 4001 | 
Thu, 08 Jun 2023 18:33:29 GMT | INFO | btm.log | Server running on port 4001 | 
Thu, 08 Jun 2023 18:34:22 GMT | INFO | btm.log | Server running on port 4001 | 
Thu, 08 Jun 2023 18:35:01 GMT | INFO | btm.log | Server running on port 4001 | 
Thu, 08 Jun 2023 18:35:30 GMT | INFO | btm.log | Server running on port 4001 | 
Thu, 08 Jun 2023 18:35:39 GMT | INFO | btm.log | Server running on port 4001 | 
Thu, 08 Jun 2023 18:36:00 GMT | INFO | btm.log | Server running on port 4001 | 
Thu, 08 Jun 2023 18:36:42 GMT | INFO | btm.log | Server running on port 4001 | 
Thu, 08 Jun 2023 18:45:37 GMT | INFO | btm.log | Server running on port 4001 | 
Thu, 08 Jun 2023 18:48:25 GMT | INFO | btm.log | Server running on port 4001 | 
Tue, 25 Jul 2023 15:21:58 GMT | INFO | btm.log | Server running on port 4001 | 
Tue, 25 Jul 2023 15:31:01 GMT | INFO | btm.log | Server running on port 4001 | 
Tue, 25 Jul 2023 15:42:46 GMT | INFO | btm.log | Server running on port 4001 | 
Tue, 25 Jul 2023 15:43:05 GMT | INFO | btm.log | Server running on port 4001 | 
Tue, 25 Jul 2023 15:44:55 GMT | INFO | btm.log | Server running on port 4001 | 
Tue, 25 Jul 2023 15:57:57 GMT | INFO | btm.log | Server running on port 4001 | 
Tue, 25 Jul 2023 15:59:18 GMT | INFO | btm.log | Server running on port 4001 | 
Tue, 25 Jul 2023 16:00:04 GMT | INFO | btm.log | Server running on port 4001 | 
Tue, 25 Jul 2023 16:00:05 GMT | INFO | btm.log | Server running on port 4001 | 
Tue, 25 Jul 2023 16:00:49 GMT | INFO | btm.log | Server running on port 4001 | 
Tue, 25 Jul 2023 16:30:19 GMT | INFO | btm.log | Server running on port 4001 | 
Tue, 25 Jul 2023 16:30:58 GMT | INFO | btm.log | Server running on port 4001 | 
Tue, 25 Jul 2023 17:47:59 GMT | INFO | btm.log | Server running on port 4001 | 
Tue, 25 Jul 2023 17:50:34 GMT | INFO | btm.log | Server running on port 4001 | 
Tue, 25 Jul 2023 17:50:52 GMT | INFO | btm.log | Server running on port 4001 | 
Tue, 25 Jul 2023 17:52:03 GMT | INFO | btm.log | Server running on port 4001 | 
Tue, 25 Jul 2023 17:52:05 GMT | INFO | btm.log | Server running on port 4001 | 
Tue, 25 Jul 2023 17:52:56 GMT | INFO | btm.log | Server running on port 4001 | 
Tue, 25 Jul 2023 17:53:49 GMT | INFO | btm.log | Server running on port 4001 | 
Tue, 25 Jul 2023 22:59:17 GMT | INFO | btm.log | Server running on port 4001 | 
Tue, 25 Jul 2023 23:46:05 GMT | INFO | btm.log | Server running on port 4001 | 
Tue, 25 Jul 2023 23:54:14 GMT | INFO | btm.log | Server running on port 4001 | 
Wed, 26 Jul 2023 00:29:18 GMT | INFO | btm.log | Server running on port 4001 | 
Wed, 26 Jul 2023 04:13:14 GMT | INFO | btm.log | Server running on port 4001 | 
Wed, 26 Jul 2023 14:59:47 GMT | INFO | btm.log | Server running on port 4001 | 
Wed, 26 Jul 2023 18:13:27 GMT | INFO | btm.log | Server running on port 4001 | 
Wed, 26 Jul 2023 18:22:18 GMT | INFO | btm.log | Server running on port 4001 | 
Wed, 26 Jul 2023 18:29:57 GMT | INFO | btm.log | Server running on port 4001 | 
Wed, 26 Jul 2023 18:34:17 GMT | INFO | btm.log | Server running on port 4001 | 
Thu, 27 Jul 2023 21:23:35 GMT | INFO | btm.log | Server running on port 4001 | 
Thu, 27 Jul 2023 21:37:32 GMT | INFO | btm.log | Server running on port 4001 | 
Thu, 27 Jul 2023 21:38:00 GMT | INFO | btm.log | Server running on port 4001 | 
Thu, 27 Jul 2023 21:38:31 GMT | INFO | btm.log | Server running on port 4001 | 
Thu, 27 Jul 2023 21:38:33 GMT | INFO | btm.log | Server running on port 4001 | 
Thu, 27 Jul 2023 21:48:54 GMT | INFO | btm.log | Server running on port 4001 | 
Thu, 27 Jul 2023 21:50:06 GMT | INFO | btm.log | Server running on port 4001 | 
Thu, 27 Jul 2023 21:52:43 GMT | INFO | btm.log | Server running on port 4001 | 
Thu, 27 Jul 2023 21:52:44 GMT | INFO | btm.log | Server running on port 4001 | 
Thu, 27 Jul 2023 21:52:46 GMT | INFO | btm.log | Server running on port 4001 | 
Thu, 27 Jul 2023 21:58:04 GMT | INFO | btm.log | Server running on port 4001 | 
Thu, 27 Jul 2023 22:05:12 GMT | INFO | btm.log | Server running on port 4001 | 
Thu, 27 Jul 2023 22:24:02 GMT | INFO | btm.log | Server running on port 4001 | 
Thu, 27 Jul 2023 22:42:29 GMT | INFO | btm.log | Server running on port 4001 | 
Thu, 27 Jul 2023 22:43:29 GMT | INFO | btm.log | Server running on port 4001 | 
Thu, 27 Jul 2023 22:44:19 GMT | INFO | btm.log | Server running on port 4001 | 
Thu, 27 Jul 2023 22:44:42 GMT | INFO | btm.log | Server running on port 4001 | 
Thu, 27 Jul 2023 22:44:55 GMT | INFO | btm.log | Server running on port 4001 | 
Thu, 27 Jul 2023 22:45:27 GMT | INFO | btm.log | Server running on port 4001 | 
Thu, 27 Jul 2023 22:45:31 GMT | INFO | btm.log | Server running on port 4001 | 
Thu, 27 Jul 2023 22:45:56 GMT | INFO | btm.log | Server running on port 4001 | 
Thu, 27 Jul 2023 22:48:03 GMT | INFO | btm.log | Server running on port 4001 | 
Thu, 27 Jul 2023 22:48:47 GMT | INFO | btm.log | Server running on port 4001 | 
Thu, 27 Jul 2023 22:50:28 GMT | INFO | btm.log | Server running on port 4001 | 
Thu, 27 Jul 2023 22:50:45 GMT | INFO | btm.log | Server running on port 4001 | 
Thu, 27 Jul 2023 22:51:05 GMT | INFO | btm.log | Server running on port 4001 | 
Thu, 27 Jul 2023 22:52:00 GMT | INFO | btm.log | Server running on port 4001 | 
Thu, 27 Jul 2023 22:52:09 GMT | INFO | btm.log | Server running on port 4001 | 
Thu, 27 Jul 2023 22:52:29 GMT | INFO | btm.log | Server running on port 4001 | 
Thu, 27 Jul 2023 22:52:50 GMT | INFO | btm.log | Server running on port 4001 | 
Thu, 27 Jul 2023 22:54:09 GMT | INFO | btm.log | Server running on port 4001 | 
Thu, 27 Jul 2023 22:55:04 GMT | INFO | btm.log | Server running on port 4001 | 
Thu, 27 Jul 2023 22:55:17 GMT | INFO | btm.log | Server running on port 4001 | 
Thu, 27 Jul 2023 22:55:23 GMT | INFO | btm.log | Server running on port 4001 | 
Thu, 27 Jul 2023 22:55:40 GMT | INFO | btm.log | Server running on port 4001 | 
Thu, 27 Jul 2023 22:55:54 GMT | INFO | btm.log | Server running on port 4001 | 
Thu, 27 Jul 2023 22:56:19 GMT | INFO | btm.log | Server running on port 4001 | 
Thu, 27 Jul 2023 22:56:51 GMT | INFO | btm.log | Server running on port 4001 | 
Thu, 27 Jul 2023 22:57:49 GMT | INFO | btm.log | Server running on port 4001 | 
Thu, 27 Jul 2023 22:58:34 GMT | INFO | btm.log | Server running on port 4001 | 
Thu, 27 Jul 2023 23:01:22 GMT | INFO | btm.log | Server running on port 4001 | 
Thu, 27 Jul 2023 23:02:21 GMT | INFO | btm.log | Server running on port 4001 | 
Thu, 27 Jul 2023 23:04:30 GMT | INFO | btm.log | Server running on port 4001 | 
Thu, 27 Jul 2023 23:07:42 GMT | INFO | btm.log | Server running on port 4001 | 
Thu, 27 Jul 2023 23:08:18 GMT | INFO | btm.log | Server running on port 4001 | 
Thu, 27 Jul 2023 23:08:22 GMT | INFO | btm.log | Server running on port 4001 | 
Thu, 27 Jul 2023 23:08:30 GMT | INFO | btm.log | Server running on port 4001 | 
Thu, 27 Jul 2023 23:08:36 GMT | INFO | btm.log | Server running on port 4001 | 
Thu, 27 Jul 2023 23:12:14 GMT | INFO | btm.log | Server running on port 4001 | 
Thu, 27 Jul 2023 23:18:05 GMT | INFO | btm.log | Server running on port 4001 | 
Thu, 27 Jul 2023 23:18:54 GMT | INFO | btm.log | Server running on port 4001 | 
Thu, 27 Jul 2023 23:19:17 GMT | INFO | btm.log | Server running on port 4001 | 
Thu, 27 Jul 2023 23:19:31 GMT | INFO | btm.log | Server running on port 4001 | 
Thu, 27 Jul 2023 23:19:42 GMT | INFO | btm.log | Server running on port 4001 | 
Thu, 27 Jul 2023 23:20:24 GMT | INFO | btm.log | Server running on port 4001 | 
Thu, 27 Jul 2023 23:24:23 GMT | INFO | btm.log | Server running on port 4001 | 
Thu, 27 Jul 2023 23:25:33 GMT | INFO | btm.log | Server running on port 4001 | 
Thu, 27 Jul 2023 23:25:54 GMT | INFO | btm.log | Server running on port 4001 | 
Thu, 27 Jul 2023 23:26:26 GMT | INFO | btm.log | Server running on port 4001 | 
Thu, 27 Jul 2023 23:26:56 GMT | INFO | btm.log | Server running on port 4001 | 
Thu, 27 Jul 2023 23:27:08 GMT | INFO | btm.log | Server running on port 4001 | 
Thu, 27 Jul 2023 23:27:25 GMT | INFO | btm.log | Server running on port 4001 | 
Thu, 27 Jul 2023 23:27:35 GMT | INFO | btm.log | Server running on port 4001 | 
Thu, 27 Jul 2023 23:28:14 GMT | INFO | btm.log | Server running on port 4001 | 
Thu, 27 Jul 2023 23:28:36 GMT | INFO | btm.log | Server running on port 4001 | 
Thu, 27 Jul 2023 23:28:44 GMT | INFO | btm.log | Server running on port 4001 | 
Thu, 27 Jul 2023 23:29:39 GMT | INFO | btm.log | Server running on port 4001 | 
Thu, 27 Jul 2023 23:31:09 GMT | INFO | btm.log | Server running on port 4001 | 
Thu, 27 Jul 2023 23:31:17 GMT | INFO | btm.log | Server running on port 4001 | 
Thu, 27 Jul 2023 23:31:19 GMT | INFO | btm.log | Server running on port 4001 | 
Fri, 28 Jul 2023 00:42:34 GMT | INFO | btm.log | Server running on port 4001 | 
Fri, 28 Jul 2023 01:07:54 GMT | INFO | btm.log | Server running on port 4001 | 
Fri, 28 Jul 2023 01:21:25 GMT | INFO | btm.log | Server running on port 4001 | 
Fri, 28 Jul 2023 01:24:02 GMT | INFO | btm.log | Server running on port 4001 | 
Fri, 28 Jul 2023 01:42:03 GMT | INFO | btm.log | Server running on port 4001 | 
Fri, 28 Jul 2023 01:42:42 GMT | INFO | btm.log | Server running on port 4001 | 
Fri, 28 Jul 2023 01:43:26 GMT | INFO | btm.log | Server running on port 4001 | 
Tue, 01 Aug 2023 15:21:18 GMT | INFO | btm.log | Server running on port 4001 | 
Tue, 01 Aug 2023 15:53:09 GMT | INFO | btm.log | Server running on port 4001 | 
Tue, 01 Aug 2023 15:53:13 GMT | INFO | btm.log | Server running on port 4001 | 
Tue, 01 Aug 2023 15:53:57 GMT | INFO | btm.log | Server running on port 4001 | 
Tue, 01 Aug 2023 15:54:09 GMT | INFO | btm.log | Server running on port 4001 | 
Tue, 01 Aug 2023 15:54:12 GMT | INFO | btm.log | Server running on port 4001 | 
Tue, 01 Aug 2023 15:54:14 GMT | INFO | btm.log | Server running on port 4001 | 
Tue, 01 Aug 2023 15:54:16 GMT | INFO | btm.log | Server running on port 4001 | 
Tue, 01 Aug 2023 15:54:21 GMT | INFO | btm.log | Server running on port 4001 | 
Tue, 01 Aug 2023 15:54:32 GMT | INFO | btm.log | Server running on port 4001 | 
Tue, 01 Aug 2023 15:56:52 GMT | INFO | btm.log | Server running on port 4001 | 
Tue, 01 Aug 2023 15:57:26 GMT | INFO | btm.log | Server running on port 4001 | 
Tue, 01 Aug 2023 15:57:38 GMT | INFO | btm.log | Server running on port 4001 | 
Tue, 01 Aug 2023 15:57:59 GMT | INFO | btm.log | Server running on port 4001 | 
Tue, 01 Aug 2023 15:58:06 GMT | INFO | btm.log | Server running on port 4001 | 
Tue, 01 Aug 2023 15:59:58 GMT | INFO | btm.log | Server running on port 4001 | 
Tue, 01 Aug 2023 15:59:59 GMT | INFO | btm.log | Server running on port 4001 | 
Tue, 01 Aug 2023 20:35:38 GMT | INFO | btm.log | Server running on port 4001 | 
Tue, 01 Aug 2023 20:48:49 GMT | INFO | btm.log | Server running on port 4001 | 
Tue, 01 Aug 2023 20:49:05 GMT | INFO | btm.log | Server running on port 4001 | 
Tue, 01 Aug 2023 20:49:20 GMT | INFO | btm.log | Server running on port 4001 | 
Tue, 01 Aug 2023 20:49:42 GMT | INFO | btm.log | Server running on port 4001 | 
Wed, 02 Aug 2023 01:09:03 GMT | INFO | btm.log | Server running on port 4001 | 
Wed, 02 Aug 2023 01:58:27 GMT | INFO | btm.log | Server running on port 4001 | 
Wed, 02 Aug 2023 02:05:32 GMT | INFO | btm.log | Server running on port 4001 | 
Wed, 02 Aug 2023 02:07:27 GMT | INFO | btm.log | Server running on port 4001 | 
Wed, 02 Aug 2023 02:52:51 GMT | INFO | btm.log | Server running on port 4001 | 
Wed, 02 Aug 2023 05:18:25 GMT | INFO | btm.log | Server running on port 4001 | 
Mon, 14 Aug 2023 21:46:06 GMT | INFO | btm.log | Server running on port 4001 | 
Mon, 14 Aug 2023 21:46:51 GMT | INFO | btm.log | Server running on port 4001 | 
Mon, 14 Aug 2023 21:48:16 GMT | INFO | btm.log | Server running on port 4001 | 
Mon, 14 Aug 2023 21:49:02 GMT | INFO | btm.log | Server running on port 4001 | 
Mon, 14 Aug 2023 21:49:12 GMT | INFO | btm.log | Server running on port 4001 | 
Mon, 14 Aug 2023 21:49:31 GMT | INFO | btm.log | Server running on port 4001 | 
Mon, 14 Aug 2023 22:59:57 GMT | INFO | btm.log | Server running on port 4001 | 
Mon, 14 Aug 2023 23:09:26 GMT | INFO | btm.log | Server running on port 4001 | 
Mon, 14 Aug 2023 23:09:28 GMT | INFO | btm.log | Server running on port 4001 | 
Mon, 14 Aug 2023 23:09:55 GMT | INFO | btm.log | Server running on port 4001 | 
Mon, 14 Aug 2023 23:13:57 GMT | INFO | btm.log | Server running on port 4001 | 
Mon, 14 Aug 2023 23:15:31 GMT | INFO | btm.log | Server running on port 4001 | 
Mon, 14 Aug 2023 23:16:26 GMT | INFO | btm.log | Server running on port 4001 | 
Mon, 14 Aug 2023 23:16:48 GMT | INFO | btm.log | Server running on port 4001 | 
Mon, 14 Aug 2023 23:18:57 GMT | INFO | btm.log | Server running on port 4001 | 
Mon, 14 Aug 2023 23:19:53 GMT | INFO | btm.log | Server running on port 4001 | 
Mon, 14 Aug 2023 23:19:57 GMT | INFO | btm.log | Server running on port 4001 | 
Mon, 14 Aug 2023 23:20:17 GMT | INFO | btm.log | Server running on port 4001 | 
Mon, 14 Aug 2023 23:23:14 GMT | INFO | btm.log | Server running on port 4001 | 
Mon, 14 Aug 2023 23:23:32 GMT | INFO | btm.log | Server running on port 4001 | 
Mon, 14 Aug 2023 23:23:49 GMT | INFO | btm.log | Server running on port 4001 | 
Sat, 11 Nov 2023 16:00:12 GMT | INFO | btm.log | Server running on port 4001 | 
Mon, 18 Dec 2023 21:21:02 GMT | INFO | btm.log | Server running on port 3001 | 
Mon, 18 Dec 2023 21:25:34 GMT | INFO | btm.log | Server running on port 3001 | 
Mon, 18 Dec 2023 21:25:56 GMT | INFO | btm.log | Server running on port 3001 | 
Mon, 18 Dec 2023 21:26:09 GMT | INFO | btm.log | Server running on port 3001 | 
Mon, 18 Dec 2023 21:26:21 GMT | INFO | btm.log | Server running on port 3001 | 
Mon, 18 Dec 2023 21:26:40 GMT | INFO | btm.log | Server running on port 3001 | 
Mon, 18 Dec 2023 21:26:49 GMT | INFO | btm.log | Server running on port 3001 | 
Mon, 18 Dec 2023 21:30:33 GMT | INFO | btm.log | Server running on port 3001 | 
Mon, 18 Dec 2023 21:33:26 GMT | INFO | btm.log | Server running on port 3001 | 
Mon, 18 Dec 2023 21:33:32 GMT | INFO | btm.log | Server running on port 3001 | 
Mon, 18 Dec 2023 21:33:35 GMT | INFO | btm.log | Server running on port 3001 | 
Tue, 19 Dec 2023 20:11:32 GMT | INFO | btm.log | Server running on port 3001 | 
Wed, 20 Dec 2023 23:52:41 GMT | INFO | btm.log | Server running on port 3001 | 
Wed, 20 Dec 2023 23:53:00 GMT | INFO | btm.log | Server running on port 3001 | 
Wed, 20 Dec 2023 23:53:01 GMT | INFO | btm.log | Server running on port 3001 | 
Wed, 20 Dec 2023 23:53:04 GMT | INFO | btm.log | Server running on port 3001 | 
Wed, 20 Dec 2023 23:53:13 GMT | INFO | btm.log | Server running on port 3001 | 
Wed, 20 Dec 2023 23:53:18 GMT | INFO | btm.log | Server running on port 3001 | 
Wed, 20 Dec 2023 23:53:19 GMT | INFO | btm.log | Server running on port 3001 | 
Wed, 20 Dec 2023 23:53:22 GMT | INFO | btm.log | Server running on port 3001 | 
Wed, 20 Dec 2023 23:53:28 GMT | INFO | btm.log | Server running on port 3001 | 
Wed, 20 Dec 2023 23:53:36 GMT | INFO | btm.log | Server running on port 3001 | 
Wed, 20 Dec 2023 23:53:40 GMT | INFO | btm.log | Server running on port 3001 | 
Wed, 20 Dec 2023 23:53:41 GMT | INFO | btm.log | Server running on port 3001 | 
Wed, 20 Dec 2023 23:54:12 GMT | INFO | btm.log | Server running on port 3001 | 
Wed, 20 Dec 2023 23:54:22 GMT | INFO | btm.log | Server running on port 3001 | 
Wed, 20 Dec 2023 23:54:40 GMT | INFO | btm.log | Server running on port 3001 | 
Wed, 20 Dec 2023 23:56:26 GMT | INFO | btm.log | Server running on port 3001 | 
Wed, 20 Dec 2023 23:57:18 GMT | INFO | btm.log | Server running on port 3001 | 
Wed, 20 Dec 2023 23:58:33 GMT | INFO | btm.log | Server running on port 3001 | 
Thu, 21 Dec 2023 00:09:03 GMT | INFO | btm.log | Server running on port 3001 | 
Thu, 21 Dec 2023 00:57:27 GMT | INFO | btm.log | Server running on port 3001 | 
Thu, 21 Dec 2023 01:06:18 GMT | INFO | btm.log | Server running on port 3001 | 
Thu, 21 Dec 2023 01:06:44 GMT | INFO | btm.log | Server running on port 3001 | 
Thu, 21 Dec 2023 01:06:47 GMT | INFO | btm.log | Server running on port 3001 | 
Thu, 21 Dec 2023 01:06:48 GMT | INFO | btm.log | Server running on port 3001 | 
Thu, 21 Dec 2023 02:51:46 GMT | INFO | btm.log | Server running on port 3001 | 
Thu, 21 Dec 2023 02:52:02 GMT | INFO | btm.log | Server running on port 3001 | 
Thu, 21 Dec 2023 02:52:41 GMT | INFO | btm.log | Server running on port 3001 | 
Thu, 21 Dec 2023 02:53:18 GMT | INFO | btm.log | Server running on port 3001 | 
Thu, 21 Dec 2023 02:55:02 GMT | INFO | btm.log | Server running on port 3001 | 
Thu, 21 Dec 2023 02:55:21 GMT | INFO | btm.log | Server running on port 3001 | 
Thu, 21 Dec 2023 02:55:24 GMT | INFO | btm.log | Server running on port 3001 | 
Thu, 21 Dec 2023 02:55:27 GMT | INFO | btm.log | Server running on port 3001 | 
Thu, 21 Dec 2023 02:55:33 GMT | INFO | btm.log | Server running on port 3001 | 
Thu, 21 Dec 2023 02:55:44 GMT | INFO | btm.log | Server running on port 3001 | 
Thu, 21 Dec 2023 02:55:49 GMT | INFO | btm.log | Server running on port 3001 | 
Thu, 21 Dec 2023 02:56:03 GMT | INFO | btm.log | Server running on port 3001 | 
Thu, 21 Dec 2023 02:56:07 GMT | INFO | btm.log | Server running on port 3001 | 
Thu, 21 Dec 2023 02:57:55 GMT | INFO | btm.log | Server running on port 3001 | 
Thu, 21 Dec 2023 02:58:01 GMT | INFO | btm.log | Server running on port 3001 | 
Thu, 21 Dec 2023 02:58:16 GMT | INFO | btm.log | Server running on port 3001 | 
Thu, 21 Dec 2023 02:59:31 GMT | INFO | btm.log | Server running on port 3001 | 
Thu, 21 Dec 2023 03:02:56 GMT | INFO | btm.log | Server running on port 3001 | 
Thu, 21 Dec 2023 03:03:31 GMT | INFO | btm.log | Server running on port 3001 | 
Thu, 21 Dec 2023 03:04:24 GMT | INFO | btm.log | Server running on port 3001 | 
Thu, 21 Dec 2023 03:05:02 GMT | INFO | btm.log | Server running on port 3001 | 
Thu, 21 Dec 2023 03:06:11 GMT | INFO | btm.log | Server running on port 3001 | 
Thu, 21 Dec 2023 03:06:38 GMT | INFO | btm.log | Server running on port 3001 | 
Thu, 21 Dec 2023 03:08:07 GMT | INFO | btm.log | Server running on port 3001 | 
Thu, 21 Dec 2023 03:08:40 GMT | INFO | btm.log | Server running on port 3001 | 
Thu, 21 Dec 2023 03:11:03 GMT | INFO | btm.log | Server running on port 3001 | 
Thu, 21 Dec 2023 03:14:00 GMT | INFO | btm.log | Server running on port 3001 | 
Thu, 21 Dec 2023 03:14:33 GMT | INFO | btm.log | Server running on port 3001 | 
Thu, 21 Dec 2023 03:15:39 GMT | INFO | btm.log | Server running on port 3001 | 
Thu, 21 Dec 2023 03:16:03 GMT | INFO | btm.log | Server running on port 3001 | 
Thu, 21 Dec 2023 03:16:37 GMT | INFO | btm.log | Server running on port 3001 | 
Thu, 21 Dec 2023 03:19:26 GMT | INFO | btm.log | Server running on port 3001 | 
Thu, 21 Dec 2023 03:20:19 GMT | INFO | btm.log | Server running on port 3001 | 
Thu, 21 Dec 2023 03:37:52 GMT | INFO | btm.log | Server running on port 3001 | 
Thu, 21 Dec 2023 03:38:07 GMT | INFO | btm.log | Server running on port 3001 | 
Thu, 21 Dec 2023 03:38:26 GMT | INFO | btm.log | Server running on port 3001 | 
Thu, 21 Dec 2023 03:40:16 GMT | INFO | btm.log | Server running on port 3001 | 
Thu, 21 Dec 2023 03:40:33 GMT | INFO | btm.log | Server running on port 3001 | 
Thu, 21 Dec 2023 03:40:46 GMT | INFO | btm.log | Server running on port 3001 | 
Thu, 21 Dec 2023 03:41:06 GMT | INFO | btm.log | Server running on port 3001 | 
Thu, 21 Dec 2023 03:41:37 GMT | INFO | btm.log | Server running on port 3001 | 
Thu, 21 Dec 2023 03:41:56 GMT | INFO | btm.log | Server running on port 3001 | 
Thu, 21 Dec 2023 03:43:47 GMT | INFO | btm.log | Server running on port 3001 | 
Thu, 21 Dec 2023 03:44:43 GMT | INFO | btm.log | Server running on port 3001 | 
Thu, 21 Dec 2023 03:44:48 GMT | INFO | btm.log | Server running on port 3001 | 
Thu, 21 Dec 2023 03:45:24 GMT | INFO | btm.log | Server running on port 3001 | 
Thu, 21 Dec 2023 03:45:35 GMT | INFO | btm.log | Server running on port 3001 | 
Thu, 21 Dec 2023 03:45:42 GMT | INFO | btm.log | Server running on port 3001 | 
Thu, 21 Dec 2023 03:46:18 GMT | INFO | btm.log | Server running on port 3001 | 
Thu, 21 Dec 2023 03:46:56 GMT | INFO | btm.log | Server running on port 3001 | 
Thu, 21 Dec 2023 03:49:11 GMT | INFO | btm.log | Server running on port 3001 | 
Thu, 21 Dec 2023 03:56:19 GMT | INFO | btm.log | Server running on port 3001 | 
Thu, 21 Dec 2023 03:56:53 GMT | INFO | btm.log | Server running on port 3001 | 
Thu, 21 Dec 2023 03:57:50 GMT | INFO | btm.log | Server running on port 3001 | 
Thu, 21 Dec 2023 03:58:02 GMT | INFO | btm.log | Server running on port 3001 | 
Thu, 21 Dec 2023 03:59:08 GMT | INFO | btm.log | Server running on port 3001 | 
Thu, 21 Dec 2023 04:04:24 GMT | INFO | btm.log | Server running on port 3001 | 
Thu, 21 Dec 2023 04:04:48 GMT | INFO | btm.log | Server running on port 3001 | 
Thu, 21 Dec 2023 04:11:47 GMT | INFO | btm.log | Server running on port 3001 | 
Thu, 21 Dec 2023 04:12:33 GMT | INFO | btm.log | Server running on port 3001 | 
Thu, 21 Dec 2023 04:14:10 GMT | INFO | btm.log | Server running on port 3001 | 
Thu, 21 Dec 2023 04:15:20 GMT | INFO | btm.log | Server running on port 3001 | 
Thu, 21 Dec 2023 04:15:29 GMT | INFO | btm.log | Server running on port 3001 | 
Thu, 21 Dec 2023 04:18:38 GMT | INFO | btm.log | Server running on port 3001 | 
Thu, 21 Dec 2023 04:20:04 GMT | INFO | btm.log | Server running on port 3001 | 
Thu, 21 Dec 2023 04:21:37 GMT | INFO | btm.log | Server running on port 3001 | 
Thu, 21 Dec 2023 04:22:07 GMT | INFO | btm.log | Server running on port 3001 | 
Thu, 21 Dec 2023 04:24:36 GMT | INFO | btm.log | Server running on port 3001 | 
Thu, 21 Dec 2023 04:27:03 GMT | INFO | btm.log | Server running on port 3001 | 
Thu, 21 Dec 2023 04:33:57 GMT | INFO | btm.log | Server running on port 3001 | 
Thu, 21 Dec 2023 04:43:09 GMT | INFO | btm.log | Server running on port 3001 | 
Thu, 21 Dec 2023 04:43:17 GMT | INFO | btm.log | Server running on port 3001 | 
Thu, 21 Dec 2023 04:44:05 GMT | INFO | btm.log | Server running on port 3001 | 
Thu, 21 Dec 2023 04:44:26 GMT | INFO | btm.log | Server running on port 3001 | 
Thu, 21 Dec 2023 04:44:50 GMT | INFO | btm.log | Server running on port 3001 | 
Thu, 21 Dec 2023 04:45:30 GMT | INFO | btm.log | Server running on port 3001 | 
Thu, 21 Dec 2023 04:45:45 GMT | INFO | btm.log | Server running on port 3001 | 
Thu, 21 Dec 2023 04:46:44 GMT | INFO | btm.log | Server running on port 3001 | 
Thu, 21 Dec 2023 04:47:27 GMT | INFO | btm.log | Server running on port 3001 | 
Thu, 21 Dec 2023 04:47:57 GMT | INFO | btm.log | Server running on port 3001 | 
Thu, 21 Dec 2023 04:48:41 GMT | INFO | btm.log | Server running on port 3001 | 
Thu, 21 Dec 2023 04:49:11 GMT | INFO | btm.log | Server running on port 3001 | 
Thu, 21 Dec 2023 04:49:48 GMT | INFO | btm.log | Server running on port 3001 | 
Thu, 21 Dec 2023 04:49:51 GMT | INFO | btm.log | Server running on port 3001 | 
Thu, 21 Dec 2023 04:52:13 GMT | INFO | btm.log | Server running on port 3001 | 
Thu, 21 Dec 2023 04:53:03 GMT | INFO | btm.log | Server running on port 3001 | 
Thu, 21 Dec 2023 04:53:27 GMT | INFO | btm.log | Server running on port 3001 | 
Thu, 21 Dec 2023 04:53:30 GMT | INFO | btm.log | Server running on port 3001 | 
Thu, 21 Dec 2023 04:53:39 GMT | INFO | btm.log | Server running on port 3001 | 
Thu, 21 Dec 2023 04:57:48 GMT | INFO | btm.log | Server running on port 3001 | 
Thu, 21 Dec 2023 04:58:39 GMT | INFO | btm.log | Server running on port 3001 | 
Thu, 21 Dec 2023 04:59:07 GMT | INFO | btm.log | Server running on port 3001 | 
Thu, 21 Dec 2023 04:59:09 GMT | INFO | btm.log | Server running on port 3001 | 
Thu, 21 Dec 2023 04:59:12 GMT | INFO | btm.log | Server running on port 3001 | 
Thu, 21 Dec 2023 04:59:14 GMT | INFO | btm.log | Server running on port 3001 | 
Thu, 21 Dec 2023 05:01:07 GMT | INFO | btm.log | Server running on port 3001 | 
Thu, 21 Dec 2023 05:16:09 GMT | INFO | btm.log | Server running on port 3001 | 
Thu, 21 Dec 2023 05:16:16 GMT | INFO | btm.log | Server running on port 3001 | 
Thu, 21 Dec 2023 05:17:10 GMT | INFO | btm.log | Server running on port 3001 | 
Thu, 21 Dec 2023 05:25:01 GMT | INFO | btm.log | Server running on port 3001 | 
Thu, 21 Dec 2023 05:25:34 GMT | INFO | btm.log | Server running on port 3001 | 
Thu, 21 Dec 2023 05:25:40 GMT | INFO | btm.log | Server running on port 3001 | 
Thu, 21 Dec 2023 05:32:56 GMT | INFO | btm.log | Server running on port 3001 | 
Thu, 21 Dec 2023 05:33:21 GMT | INFO | btm.log | Server running on port 3001 | 
Thu, 21 Dec 2023 16:17:25 GMT | INFO | btm.log | Server running on port 3001 | 
Thu, 21 Dec 2023 22:39:48 GMT | INFO | btm.log | Server running on port 3001 | 
Mon, 25 Dec 2023 01:01:32 GMT | INFO | btm.log | Server running on port 3001 | 
Mon, 25 Dec 2023 01:03:02 GMT | INFO | btm.log | Server running on port 3001 | 
Mon, 25 Dec 2023 01:03:13 GMT | INFO | btm.log | Server running on port 3001 | 
Mon, 25 Dec 2023 04:56:51 GMT | INFO | btm.log | Server running on port 3001 | 
Mon, 25 Dec 2023 05:00:58 GMT | INFO | btm.log | Server running on port 3001 | 
Mon, 25 Dec 2023 05:01:03 GMT | INFO | btm.log | Server running on port 3001 | 
Mon, 25 Dec 2023 05:01:29 GMT | INFO | btm.log | Server running on port 3001 | 
Mon, 25 Dec 2023 15:59:50 GMT | INFO | btm.log | Server running on port 3001 | 
Mon, 25 Dec 2023 16:00:00 GMT | INFO | btm.log | Server running on port 3001 | 
Mon, 25 Dec 2023 16:11:55 GMT | INFO | btm.log | Server running on port 3001 | 
Mon, 25 Dec 2023 16:12:46 GMT | INFO | btm.log | Server running on port 3001 | 
Mon, 25 Dec 2023 16:15:48 GMT | INFO | btm.log | Server running on port 3001 | 
Mon, 25 Dec 2023 16:17:20 GMT | INFO | btm.log | Server running on port 3001 | 
Mon, 25 Dec 2023 16:24:40 GMT | INFO | btm.log | Server running on port 3001 | 
Mon, 25 Dec 2023 16:26:31 GMT | INFO | btm.log | Server running on port 3001 | 
